#-----------------------------------------------------------
# Vivado v2019.1 (64-bit)
# SW Build 2552052 on Fri May 24 14:49:42 MDT 2019
# IP Build 2548770 on Fri May 24 18:01:18 MDT 2019
# Start of session at: Sat Feb 11 18:34:52 2023
# Process ID: 1600
# Current directory: C:/Users/bfcoc/Desktop/Shyama/ECE_315_winter_2023/Lab_2_Winter_2023/eclass_files/lab2_v0
# Command line: vivado.exe -gui_launcher_event rodinguilauncherevent30536 C:\Users\bfcoc\Desktop\Shyama\ECE_315_winter_2023\Lab_2_Winter_2023\eclass_files\lab2_v0\lab2_v0.xpr
# Log file: C:/Users/bfcoc/Desktop/Shyama/ECE_315_winter_2023/Lab_2_Winter_2023/eclass_files/lab2_v0/vivado.log
# Journal file: C:/Users/bfcoc/Desktop/Shyama/ECE_315_winter_2023/Lab_2_Winter_2023/eclass_files/lab2_v0\vivado.jou
#-----------------------------------------------------------
start_gui
open_project C:/Users/bfcoc/Desktop/Shyama/ECE_315_winter_2023/Lab_2_Winter_2023/eclass_files/lab2_v0/lab2_v0.xpr
INFO: [ProjectBase 1-489] The host OS only allows 260 characters in a normal path. The project is stored in a path with more than 80 characters. If you experience issues with IP, Block Designs, or files not being found, please consider moving the project to a location with a shorter path. Alternately consider using the OS subst command to map part of the path to a drive letter.
Current project path is 'C:/Users/bfcoc/Desktop/Shyama/ECE_315_winter_2023/Lab_2_Winter_2023/eclass_files/lab2_v0'
INFO: [Project 1-313] Project file moved from 'C:/Users/bfcoc/Downloads/lab_2_W2022/lab2_v0' since last save.
Scanning sources...
Finished scanning sources
INFO: [IP_Flow 19-234] Refreshing IP repositories
INFO: [IP_Flow 19-1704] No user IP repositories specified
INFO: [IP_Flow 19-2313] Loaded Vivado IP repository 'C:/Xilinx/Vivado/2019.1/data/ip'.
open_project: Time (s): cpu = 00:00:09 ; elapsed = 00:00:13 . Memory (MB): peak = 927.828 ; gain = 51.727
update_compile_order -fileset sources_1
exit
INFO: [Common 17-206] Exiting Vivado at Sat Feb 11 18:35:40 2023...
