#-----------------------------------------------------------
# Vivado v2019.1 (64-bit)
# SW Build 2552052 on Fri May 24 14:49:42 MDT 2019
# IP Build 2548770 on Fri May 24 18:01:18 MDT 2019
# Start of session at: Thu Feb 10 17:19:52 2022
# Process ID: 26780
# Current directory: C:/Users/bfcoc/Downloads/lab_2_W2022/lab2_v0
# Command line: vivado.exe -gui_launcher_event rodinguilauncherevent25320 C:\Users\bfcoc\Downloads\lab_2_W2022\lab2_v0\lab2_v0.xpr
# Log file: C:/Users/bfcoc/Downloads/lab_2_W2022/lab2_v0/vivado.log
# Journal file: C:/Users/bfcoc/Downloads/lab_2_W2022/lab2_v0\vivado.jou
#-----------------------------------------------------------
start_gui
open_project C:/Users/bfcoc/Downloads/lab_2_W2022/lab2_v0/lab2_v0.xpr
INFO: [Project 1-313] Project file moved from 'C:/Users/bfcoc/zynq_practice/ECE_315_WINTER_2021_LABS/lab2_v0' since last save.
Scanning sources...
Finished scanning sources
INFO: [IP_Flow 19-234] Refreshing IP repositories
INFO: [IP_Flow 19-1704] No user IP repositories specified
INFO: [IP_Flow 19-2313] Loaded Vivado IP repository 'C:/Xilinx/Vivado/2019.1/data/ip'.
open_project: Time (s): cpu = 00:00:25 ; elapsed = 00:00:14 . Memory (MB): peak = 849.125 ; gain = 202.098
update_compile_order -fileset sources_1
open_bd_design {C:/Users/bfcoc/Downloads/lab_2_W2022/lab2_v0/lab2_v0.srcs/sources_1/bd/design_1/design_1.bd}
Adding component instance block -- xilinx.com:ip:processing_system7:5.5 - processing_system7_0
Adding component instance block -- xilinx.com:ip:axi_gpio:2.0 - axi_gpio_btns
Adding component instance block -- xilinx.com:ip:axi_gpio:2.0 - axi_gpio_leds
Adding component instance block -- xilinx.com:ip:axi_interconnect:2.1 - ps7_0_axi_periph
Adding component instance block -- xilinx.com:ip:axi_crossbar:2.1 - xbar
Adding component instance block -- xilinx.com:ip:axi_protocol_converter:2.1 - auto_pc
Adding component instance block -- xilinx.com:ip:proc_sys_reset:5.0 - rst_ps7_0_50M
Successfully read diagram <design_1> from BD file <C:/Users/bfcoc/Downloads/lab_2_W2022/lab2_v0/lab2_v0.srcs/sources_1/bd/design_1/design_1.bd>
open_bd_design: Time (s): cpu = 00:00:05 ; elapsed = 00:00:05 . Memory (MB): peak = 1075.555 ; gain = 2.496
reset_run synth_1
launch_runs impl_1 -to_step write_bitstream -jobs 4
[Thu Feb 10 17:21:10 2022] Launched synth_1...
Run output will be captured here: C:/Users/bfcoc/Downloads/lab_2_W2022/lab2_v0/lab2_v0.runs/synth_1/runme.log
[Thu Feb 10 17:21:10 2022] Launched impl_1...
Run output will be captured here: C:/Users/bfcoc/Downloads/lab_2_W2022/lab2_v0/lab2_v0.runs/impl_1/runme.log
file mkdir C:/Users/bfcoc/Downloads/lab_2_W2022/lab2_v0/lab2_v0.sdk
file copy -force C:/Users/bfcoc/Downloads/lab_2_W2022/lab2_v0/lab2_v0.runs/impl_1/design_1_wrapper.sysdef C:/Users/bfcoc/Downloads/lab_2_W2022/lab2_v0/lab2_v0.sdk/design_1_wrapper.hdf

launch_sdk -workspace C:/Users/bfcoc/Downloads/lab_2_W2022/lab2_v0/lab2_v0.sdk -hwspec C:/Users/bfcoc/Downloads/lab_2_W2022/lab2_v0/lab2_v0.sdk/design_1_wrapper.hdf
INFO: [Vivado 12-393] Launching SDK...
INFO: [Vivado 12-417] Running xsdk -workspace C:/Users/bfcoc/Downloads/lab_2_W2022/lab2_v0/lab2_v0.sdk -hwspec C:/Users/bfcoc/Downloads/lab_2_W2022/lab2_v0/lab2_v0.sdk/design_1_wrapper.hdf
INFO: [Vivado 12-3157] SDK launch initiated. Please check console for any further messages.
WARNING: [IP_Flow 19-474] Invalid Parameter 'Component_Name'
exit
INFO: [Common 17-206] Exiting Vivado at Thu Feb 10 21:04:59 2022...
